<?xml version="1.0" encoding="UTF-8" ?>
<testsuite tests="5" failures="0" name="harry.test.FileUtilsTest" time="1.595" errors="0" skipped="0">
  <properties>
[...]
</properties>
  <testcase classname="harry.test.FileUtilsTest" name="testIsArithmeticProgression" time="0.003"/>
  <testcase classname="harry.test.FileUtilsTest" name="testWrite" time="0"/>
  <testcase classname="harry.test.FileUtilsTest" name="testDeleteEndWithFile" time="0"/>
  <testcase classname="harry.test.FileUtilsTest" name="clean" time="1.429"/>
  <testcase classname="harry.test.FileUtilsTest" name="testRemove" time="0"/>
</testsuite>